number : -3 -10 10 2 0 90 180 -20
#try 1
stack a : -3 -10 10 2 0 90 180 -20
stack a : -20 -3 -10 10 2 0 90 180 ----> rra 
stack b : -20 ---> pb
stack a : -3 -10 10 2 0 90 180 ----> sa
stack a : -10 -3 10 2 0 90 180 ----> sa
stack b : -10 -20 ---> pb
stack a : -3 10 2 0 90 180 ----> sa
stack b : -3 -10 -20 ---> pb
stack a : 10 2 0 90 180 ----> rra
stack a : 180 10 2 0 90 ----> rra
stack a : 90 180 10 2 0 ----> rra
stack a : 0 90 180 10 2 ----> rra
stack b : 0 -3 -10 -20 ---> pb
stack a : 90 180 10 2 ----> rra
stack a : 2 90 180 10 ----> rra
stack b : 2 0 -3 -10 -20 ---> pb
stack a : 90 180 10 ----> rra
stack a : 10 90 180 ----> rra
stack b : 10 2 0 -3 -10 -20 ---> pb
stack b : 90 10 2 0 -3 -10 -20 ---> pb
stack b : 180 10 2 0 -3 -10 -20 ---> pb

#try 2

stack a : -3 -10 10 2 0 90 180 -20 --> rra **TRAINING**
stack a : -20 -10 10 2 0 90 180 --> pb
stack b : -20 ---> 
stack a : -3 -10 10 2 0 90 180 --> sa
stack a : -10 -3 10 2 0 90 180 --> pb
stack b : -10 -20 ---> 
stack a : -3 10 2 0 90 180 --> pb
stack b : -3 -10 -20 ---> 
stack a : 10 2 0 90 180 --> ra
stack a : 2 0 90 180 10 --> ra
stack a : 0 90 180 10 2 --> pb
stack b : 0 -3 -10 -20 ---> 
stack a : 90 180 10 2 --> rra
stack a : 2 90 180 10 --> pb
stack b : 2 0 -3 -10 -20 ---> 
stack a : 10 90 180 --> rra
stack a : 10 90 180 --> pb
stack b : 10 2 0 -3 -10 -20 ---> 
stack a : 90 180 -->
stack b : 10 2 0 -3 -10 -20 ---> pb pb pb pb pb pb
stack a = -20 -10 -3 0 2 10 90 180 -----> result 18 instruction


#try 3
stack A : 6 5 2 4 7 -2 3 -4 if(a[0] > a[1]) --> sa
stack A : 5 6 2 4 7 -2 3 -4 if(a[0] > a[n-1]) --> rra
stack A : -4 5 6 2 4 7 -2 3 if(a[0] < a[1]) && if(a[0] < a[n-1]) --> pb
stack B : -4 OK
stack A : 5 6 2 4 7 -2 3 if(a[0] > a[n-1]) --> rra
stack A : 3 5 6 2 4 7 -2  if(a[0] > a[n-1]) --> rra
stack A : -2 3 5 6 2 4 7  if(a[0] < a[1]) && if(a[0] < a[n-1]) --> pb
stack B : -2 -4 OK
stack A : 3 5 6 2 4 7  if(a[0] < a[1]) && if(a[0] < a[n-1]) --> pb
stack B : 3 -2 -4 OK 
stack A : 5 6 2 4 7  if(a[0] < a[1]) && if(a[0] < a[n-1]) --> pb
stack B : 5 3 -2 -4 OK
stack A : 6 2 4 7  if(a[0] > a[1]) --> sa
stack A : 2 6 4 7  if(a[0] < a[1]) && if(a[0] < a[n-1]) --> pb
stack B : 2 5 3 -2 -4 KO

-----ss------
stack A : 6 4 7  if(a[0] > a[1]) --> sa
stack B : 2 5 3 -2 -4 if(b[0] > b[1]) sb
--------
stack A : 4 6 7 OK
stack B : 5 2  3 -2 -4 if(b[0] > b[1]) && if(b[0] > b[n-1]) pa
-----ss----
stack A : 5 4 6 7  if(a[0] > a[1]) --> sa
stack B : 2  3 -2 -4 if(b[0] > b[1]) sb
-----------
stack A : 4 5 6 7  OK
stack B : 3 2 -2 -4 OK
-----final pa pa pa pa
stack A : -4 -2 2 3 4 5 6 7 OK


#try 4 quick sort : 3 10 -20 -3 89 59  40
stack A : 3 10 -20 -3 89 59 40 -----> pivot is : 40
stack A : 3 10 -20 -3 89 59 40 -----> operation  : pb pb pb pb
stack B : -3 -20 10 3 -----> operation  : none
stack A : 89 59 40 -----> operation  : rra
stack A : 40 89 59 -----> operation  : none
stack B : -3 -20 10 3 -----> pivot is : 3
stack B : -3 -20 10 3 -----> operation : pa pa
stack B :  10 3 ---> operation : sb
stack B :  3 10 ---> operation : none
stack A : -20 -3 40 89 59 -----> pivot is : 59 pb pb pb
stack B :  40 -3 -20 10 3---> operation : none
stack A : 89 59 -----> operation : sa
stack A : 59 89
stack B : 40 -3 -20 10 3 ---> pivot is : 3 pa
stack A : 40 59 89 operation : none
stack B : -3 -20 10 3 ----> operation : rrb
stack B : 3 -3 -20 10 ----> operation : rrb
stack B : 10 3 -3 -20 ----> operation : rrb ,pa,pa,pa,pa
stack A -20 -3 3 10 40 50 89 ----> 20 instruction


#test prog
python3 pyviz.py `ruby -e "puts (-50..50).to_a.shuffle.join(' ')"`